\BOOKMARK [0][]{section*.1}{\376\377\144\130\211\201}{}% 1
\BOOKMARK [0][]{目录.0}{\376\377\166\356\137\125}{}% 2
\BOOKMARK [0][]{section*.4}{\376\377\143\322\126\376\175\042\137\025}{}% 3
\BOOKMARK [0][]{section*.6}{\376\377\210\150\150\074\175\042\137\025}{}% 4
\BOOKMARK [0][]{chapter.1}{\376\377\0001\000\040\127\372\170\100\163\257\130\203}{}% 5
\BOOKMARK [1][-]{section.1.1}{\376\377\0001\000.\0001\000\040\173\054\116\000\134\102}{chapter.1}% 6
\BOOKMARK [2][-]{subsection.1.1.1}{\376\377\0001\000.\0001\000.\0001\000\040\173\054\116\214\134\102}{section.1.1}% 7
\BOOKMARK [1][-]{section.1.2}{\376\377\0001\000.\0002\000\040\133\127\117\123}{chapter.1}% 8
\BOOKMARK [1][-]{section.1.3}{\376\377\0001\000.\0003\000\040\121\154\137\017}{chapter.1}% 9
\BOOKMARK [1][-]{section.1.4}{\376\377\0001\000.\0004\000\040\177\127\122\027\163\257\130\203}{chapter.1}% 10
\BOOKMARK [0][]{chapter.2}{\376\377\0002\000\040\121\166\116\326\150\074\137\017\155\113\213\325}{}% 11
\BOOKMARK [1][-]{section.2.1}{\376\377\0002\000.\0001\000\040\116\343\170\001\163\257\130\203}{chapter.2}% 12
\BOOKMARK [1][-]{section.2.2}{\376\377\0002\000.\0002\000\040\133\232\137\213\213\301\146\016\163\257\130\203}{chapter.2}% 13
\BOOKMARK [1][-]{section.2.3}{\376\377\0002\000.\0003\000\040\173\227\154\325\163\257\130\203}{chapter.2}% 14
\BOOKMARK [1][-]{section.2.4}{\376\377\0002\000.\0004\000\040\210\150\150\074}{chapter.2}% 15
\BOOKMARK [1][-]{section.2.5}{\376\377\0002\000.\0005\000\040\126\376\162\107}{chapter.2}% 16
\BOOKMARK [1][-]{section.2.6}{\376\377\0002\000.\0006\000\040\123\302\200\003\145\207\163\056\171\072\117\213}{chapter.2}% 17
\BOOKMARK [1][-]{section.2.7}{\376\377\0002\000.\0007\000\040\000\134\000a\000u\000t\000o\000r\000e\000f\000\040\155\113\213\325}{chapter.2}% 18
\BOOKMARK [0][-]{section*.11}{\376\377\201\364\214\042}{}% 19
\BOOKMARK [0][-]{section*.13}{\376\377\123\302\200\003\145\207\163\056}{}% 20
\BOOKMARK [0][-]{附录.1.A}{\376\377\226\104\137\125\000\040\000A\000\040\123\302\122\240\173\054\116\214\134\112\000S\000D\000N\153\324\215\133\166\204\122\035\215\133\142\245\124\112}{}% 21
\BOOKMARK [0][-]{附录.1.B}{\376\377\226\104\137\125\000\040\000B\000\040\217\331\146\057\116\000\116\052\226\104\137\125}{}% 22
