This is XeTeX, Version 3.14159265-2.6-0.99992 (TeX Live 2015/dev/Debian) (preloaded format=xelatex 2015.5.27)  27 MAY 2015 23:28
entering extended mode
 restricted \write18 enabled.
 %&-line parsing enabled.
**SDN2015.tex
(./SDN2015.tex
LaTeX2e <2014/05/01>
Babel <3.9l> and hyphenation patterns for 79 languages loaded.
(./hustreport.cls
Document Class: hustreport 2013/07/01 v1.0 A Report Template for Huazhong Unive
rsity of Science and Technology
(/usr/share/texlive/texmf-dist/tex/latex/base/ifthen.sty
Package: ifthen 2014/09/29 v1.1c Standard LaTeX ifthen package (DPC)
)
(/usr/share/texlive/texmf-dist/tex/latex/xkeyval/xkeyval.sty
Package: xkeyval 2014/05/25 v2.7 package option processing (HA)

(/usr/share/texlive/texmf-dist/tex/generic/xkeyval/xkeyval.tex
(/usr/share/texlive/texmf-dist/tex/generic/xkeyval/xkvutils.tex
\XKV@toks=\toks14
\XKV@tempa@toks=\toks15

(/usr/share/texlive/texmf-dist/tex/generic/xkeyval/keyval.tex))
\XKV@depth=\count80
File: xkeyval.tex 2014/05/25 v2.7 key=value parser (HA)
))
(/usr/share/texlive/texmf-dist/tex/latex/base/book.cls
Document Class: book 2014/09/29 v1.4h Standard LaTeX document class
(/usr/share/texlive/texmf-dist/tex/latex/base/bk12.clo
File: bk12.clo 2014/09/29 v1.4h Standard LaTeX file (size option)
)
\c@part=\count81
\c@chapter=\count82
\c@section=\count83
\c@subsection=\count84
\c@subsubsection=\count85
\c@paragraph=\count86
\c@subparagraph=\count87
\c@figure=\count88
\c@table=\count89
\abovecaptionskip=\skip41
\belowcaptionskip=\skip42
\bibindent=\dimen102
)
(/usr/share/texlive/texmf-dist/tex/generic/iftex/iftex.sty
Package: iftex 2013/04/04 v0.2 Provides if(tex) conditional for PDFTeX, XeTeX, 
and LuaTeX
)
(/usr/share/texlive/texmf-dist/tex/latex/fontspec/fontspec.sty
Package: fontspec 2014/06/21 v2.4a Font selection for XeLaTeX and LuaLaTeX

(/usr/share/texlive/texmf-dist/tex/latex/l3kernel/expl3.sty
Package: expl3 2014/09/15 v5423 L3 programming layer (loader) 

(/usr/share/texlive/texmf-dist/tex/latex/l3kernel/expl3-code.tex
Package: expl3 2014/09/15 v5423 L3 programming layer (code) 
L3 Module: l3bootstrap 2014/08/23 v5354 L3 Bootstrap code

(/usr/share/texlive/texmf-dist/tex/latex/etex-pkg/etex.sty
Package: etex 1998/03/26 v2.0 eTeX basic definition package (PEB)
\et@xins=\count90
)
L3 Module: l3names 2014/08/22 v5343 L3 Namespace for primitives
L3 Module: l3basics 2014/08/24 v5364 L3 Basic definitions
L3 Module: l3expan 2014/08/22 v5349 L3 Argument expansion
L3 Module: l3tl 2014/08/24 v5359 L3 Token lists
L3 Module: l3str 2014/08/24 v5368 L3 Strings
L3 Module: l3seq 2014/08/23 v5354 L3 Sequences and stacks
L3 Module: l3int 2014/09/14 v5421 L3 Integers
\c_max_int=\count91
\l_tmpa_int=\count92
\l_tmpb_int=\count93
\g_tmpa_int=\count94
\g_tmpb_int=\count95
L3 Module: l3quark 2014/08/23 v5354 L3 Quarks
L3 Module: l3prg 2014/08/23 v5354 L3 Control structures
\g__prg_map_int=\count96
L3 Module: l3clist 2014/08/23 v5354 L3 Comma separated lists
L3 Module: l3token 2014/09/15 v5422 L3 Experimental token manipulation
L3 Module: l3prop 2014/08/23 v5354 L3 Property lists
L3 Module: l3msg 2014/08/24 v5358 L3 Messages
L3 Module: l3file 2014/08/24 v5369 L3 File and I/O operations
\l_iow_line_count_int=\count97
\l__iow_target_count_int=\count98
\l__iow_current_line_int=\count99
\l__iow_current_word_int=\count100
\l__iow_current_indentation_int=\count101
L3 Module: l3skip 2014/08/23 v5354 L3 Dimensions and skips
\c_zero_dim=\dimen103
\c_max_dim=\dimen104
\l_tmpa_dim=\dimen105
\l_tmpb_dim=\dimen106
\g_tmpa_dim=\dimen107
\g_tmpb_dim=\dimen108
\c_zero_skip=\skip43
\c_max_skip=\skip44
\l_tmpa_skip=\skip45
\l_tmpb_skip=\skip46
\g_tmpa_skip=\skip47
\g_tmpb_skip=\skip48
\c_zero_muskip=\muskip10
\c_max_muskip=\muskip11
\l_tmpa_muskip=\muskip12
\l_tmpb_muskip=\muskip13
\g_tmpa_muskip=\muskip14
\g_tmpb_muskip=\muskip15
L3 Module: l3keys 2014/08/23 v5354 L3 Key-value interfaces
\g__keyval_level_int=\count102
\l_keys_choice_int=\count103
L3 Module: l3fp 2014/08/22 v5336 L3 Floating points
\c__fp_leading_shift_int=\count104
\c__fp_middle_shift_int=\count105
\c__fp_trailing_shift_int=\count106
\c__fp_big_leading_shift_int=\count107
\c__fp_big_middle_shift_int=\count108
\c__fp_big_trailing_shift_int=\count109
\c__fp_Bigg_leading_shift_int=\count110
\c__fp_Bigg_middle_shift_int=\count111
\c__fp_Bigg_trailing_shift_int=\count112
L3 Module: l3box 2014/08/23 v5354 L3 Experimental boxes
\c_empty_box=\box26
\l_tmpa_box=\box27
\l_tmpb_box=\box28
\g_tmpa_box=\box29
\g_tmpb_box=\box30
L3 Module: l3coffins 2014/08/23 v5354 L3 Coffin code layer
\l__coffin_internal_box=\box31
\l__coffin_internal_dim=\dimen109
\l__coffin_offset_x_dim=\dimen110
\l__coffin_offset_y_dim=\dimen111
\l__coffin_x_dim=\dimen112
\l__coffin_y_dim=\dimen113
\l__coffin_x_prime_dim=\dimen114
\l__coffin_y_prime_dim=\dimen115
\c_empty_coffin=\box32
\l__coffin_aligned_coffin=\box33
\l__coffin_aligned_internal_coffin=\box34
\l_tmpa_coffin=\box35
\l_tmpb_coffin=\box36
\l__coffin_display_coffin=\box37
\l__coffin_display_coord_coffin=\box38
\l__coffin_display_pole_coffin=\box39
\l__coffin_display_offset_dim=\dimen116
\l__coffin_display_x_dim=\dimen117
\l__coffin_display_y_dim=\dimen118
L3 Module: l3color 2014/08/23 v5354 L3 Experimental color support
L3 Module: l3candidates 2014/08/24 v5366 L3 Experimental additions to l3kernel
\l__box_top_dim=\dimen119
\l__box_bottom_dim=\dimen120
\l__box_left_dim=\dimen121
\l__box_right_dim=\dimen122
\l__box_top_new_dim=\dimen123
\l__box_bottom_new_dim=\dimen124
\l__box_left_new_dim=\dimen125
\l__box_right_new_dim=\dimen126
\l__box_internal_box=\box40
\l__coffin_bounding_shift_dim=\dimen127
\l__coffin_left_corner_dim=\dimen128
\l__coffin_right_corner_dim=\dimen129
\l__coffin_bottom_corner_dim=\dimen130
\l__coffin_top_corner_dim=\dimen131
\l__coffin_scaled_total_height_dim=\dimen132
\l__coffin_scaled_width_dim=\dimen133
)
(/usr/share/texlive/texmf-dist/tex/latex/l3kernel/l3unicode-data.def
File: l3unicode-data.def 2014/08/12 v5276 L3 Unicode data
)
(/usr/share/texlive/texmf-dist/tex/latex/l3kernel/l3xdvipdfmx.def
File: l3xdvidpfmx.def 2014/08/24 v5366 L3 Experimental driver: xdvipdfmx
))
(/usr/share/texlive/texmf-dist/tex/latex/l3packages/xparse/xparse.sty
Package: xparse 2014/09/15 v5423 L3 Experimental document command parser
\l__xparse_current_arg_int=\count113
\l__xparse_m_args_int=\count114
\l__xparse_mandatory_args_int=\count115
\l__xparse_processor_int=\count116
\l__xparse_v_nesting_int=\count117
)
\l_fontspec_script_int=\count118
\l_fontspec_language_int=\count119
\l_fontspec_strnum_int=\count120
\l__fontspec_tmpa_dim=\dimen134
\l__fontspec_tmpb_dim=\dimen135
\l__fontspec_tmpc_dim=\dimen136
Variant \tl_gset:cV already defined; not changing it on line 71

(/usr/share/texlive/texmf-dist/tex/latex/fontspec/fontspec-patches.sty
Package: fontspec-patches 2014/06/21 v2.4a Font selection for XeLaTeX and LuaLa
TeX
LaTeX Info: Redefining \em on input line 38.
LaTeX Info: Redefining \emph on input line 46.
LaTeX Info: Redefining \- on input line 49.
.................................................
. LaTeX info: "xparse/redefine-command"
. 
. Redefining command \oldstylenums with sig. 'm' on line 144.
.................................................
.................................................
. LaTeX info: "xparse/define-command"
. 
. Defining command \liningnums with sig. 'm' on line 148.
.................................................
)
(/usr/share/texlive/texmf-dist/tex/latex/fontspec/fontspec-xetex.sty
Package: fontspec-xetex 2014/06/21 v2.4a Font selection for XeLaTeX and LuaLaTe
X

(/usr/share/texlive/texmf-dist/tex/latex/base/fontenc.sty
Package: fontenc 2005/09/27 v1.99g Standard LaTeX package

(/usr/share/texlive/texmf-dist/tex/latex/euenc/eu1enc.def
File: eu1enc.def 2010/05/27 v0.1h Experimental Unicode font encodings
)
LaTeX Font Info:    Try loading font information for EU1+lmr on input line 100.


(/usr/share/texlive/texmf-dist/tex/latex/euenc/eu1lmr.fd
File: eu1lmr.fd 2009/10/30 v1.6 Font defs for Latin Modern
))
(/usr/share/texlive/texmf-dist/tex/xelatex/xunicode/xunicode.sty
File: xunicode.sty 2011/09/09 v0.981 provides access to latin accents and many 
other characters in Unicode lower plane

(/usr/share/texmf/tex/latex/tipa/t3enc.def
File: t3enc.def 2001/12/31 T3 encoding
LaTeX Font Info:    Try loading font information for EU1+lmss on input line 357
.

(/usr/share/texlive/texmf-dist/tex/latex/euenc/eu1lmss.fd
File: eu1lmss.fd 2009/10/30 v1.6 Font defs for Latin Modern
))
\tipaTiiicode=\count121
\tipasavetokens=\toks16
\tipachecktokens=\toks17

(/usr/share/texlive/texmf-dist/tex/latex/graphics/graphicx.sty
Package: graphicx 2014/04/25 v1.0g Enhanced LaTeX Graphics (DPC,SPQR)

(/usr/share/texlive/texmf-dist/tex/latex/graphics/graphics.sty
Package: graphics 2009/02/05 v1.0o Standard LaTeX Graphics (DPC,SPQR)

(/usr/share/texlive/texmf-dist/tex/latex/graphics/trig.sty
Package: trig 1999/03/16 v1.09 sin cos tan (DPC)
)
(/usr/share/texlive/texmf-dist/tex/latex/latexconfig/graphics.cfg
File: graphics.cfg 2010/04/23 v1.9 graphics configuration of TeX Live
)
Package graphics Info: Driver file: xetex.def on input line 91.

(/usr/share/texlive/texmf-dist/tex/xelatex/xetex-def/xetex.def
File: xetex.def 2014/07/25 v4.03 LaTeX color/graphics driver for XeTeX (RRM/JK)

))
\Gin@req@height=\dimen137
\Gin@req@width=\dimen138
))
.................................................
. LaTeX info: "xparse/define-command"
. 
. Defining command \fontspec with sig. 'O{}mO{}' on line 41.
.................................................
.................................................
. LaTeX info: "xparse/define-command"
. 
. Defining command \setmainfont with sig. 'O{}mO{}' on line 47.
.................................................
.................................................
. LaTeX info: "xparse/define-command"
. 
. Defining command \setsansfont with sig. 'O{}mO{}' on line 53.
.................................................
.................................................
. LaTeX info: "xparse/define-command"
. 
. Defining command \setmonofont with sig. 'O{}mO{}' on line 59.
.................................................
.................................................
. LaTeX info: "xparse/define-command"
. 
. Defining command \setmathrm with sig. 'O{}mO{}' on line 68.
.................................................
.................................................
. LaTeX info: "xparse/define-command"
. 
. Defining command \setboldmathrm with sig. 'O{}mO{}' on line 72.
.................................................
.................................................
. LaTeX info: "xparse/define-command"
. 
. Defining command \setmathsf with sig. 'O{}mO{}' on line 76.
.................................................
.................................................
. LaTeX info: "xparse/define-command"
. 
. Defining command \setmathtt with sig. 'O{}mO{}' on line 80.
.................................................
.................................................
. LaTeX info: "xparse/define-command"
. 
. Defining command \newfontfamily with sig. 'mO{}mO{}' on line 99.
.................................................
.................................................
. LaTeX info: "xparse/define-command"
. 
. Defining command \newfontface with sig. 'mO{}mO{}' on line 103.
.................................................
.................................................
. LaTeX info: "xparse/define-command"
. 
. Defining command \defaultfontfeatures with sig. 't+om' on line 112.
.................................................
.................................................
. LaTeX info: "xparse/define-command"
. 
. Defining command \addfontfeatures with sig. 'm' on line 170.
.................................................
.................................................
. LaTeX info: "xparse/define-command"
. 
. Defining command \newfontfeature with sig. 'mm' on line 181.
.................................................
.................................................
. LaTeX info: "xparse/define-command"
. 
. Defining command \newAATfeature with sig. 'mmmm' on line 189.
.................................................
.................................................
. LaTeX info: "xparse/define-command"
. 
. Defining command \newopentypefeature with sig. 'mmm' on line 197.
.................................................
.................................................
. LaTeX info: "xparse/define-command"
. 
. Defining command \aliasfontfeature with sig. 'mm' on line 226.
.................................................
.................................................
. LaTeX info: "xparse/define-command"
. 
. Defining command \aliasfontfeatureoption with sig. 'mmm' on line 228.
.................................................
.................................................
. LaTeX info: "xparse/define-command"
. 
. Defining command \newfontscript with sig. 'mm' on line 233.
.................................................
.................................................
. LaTeX info: "xparse/define-command"
. 
. Defining command \newfontlanguage with sig. 'mm' on line 259.
.................................................
.................................................
. LaTeX info: "xparse/define-command"
. 
. Defining command \DeclareFontsExtensions with sig. 'm' on line 279.
.................................................
Variant \prop_gput:cnV already defined; not changing it on line 662
Variant \prop_gput:cnx already defined; not changing it on line 663
\l__fontspec_tmp_int=\count122
LaTeX Info: Redefining \itshape on input line 2193.
LaTeX Info: Redefining \slshape on input line 2198.
LaTeX Info: Redefining \scshape on input line 2203.
LaTeX Info: Redefining \upshape on input line 2208.

(/usr/share/texlive/texmf-dist/tex/latex/fontspec/fontspec.cfg)))
\g__file_internal_ior=\read1
\g__fontspec_family_texgyretermes_int=\count123
.................................................
. fontspec info: "defining-font"
. 
. Font family 'texgyretermes(0)' created for font 'texgyretermes' with options
. [Ligatures=TeX,Ligatures={Common,TeX},Extension=.otf,UprightFont=*-regular,Bo
ldFont=*-bold,ItalicFont=*-italic,BoldItalicFont=*-bolditalic].
. 
. This font family consists of the following shapes:
. 
. * 'normal' with NFSS spec.:
. 
. <->"[texgyretermes-regular.otf]/OT:script=latn;language=DFLT;mapping=tex-text
;+liga;mapping=tex-text;"
. 
. * 'small caps' with NFSS spec.:
. 
. <->"[texgyretermes-regular.otf]/OT:script=latn;language=DFLT;mapping=tex-text
;+liga;mapping=tex-text;+smcp;"
. and font adjustment code:
. 
. 
. * 'bold' with NFSS spec.:
. 
. <->"[texgyretermes-bold.otf]/OT:script=latn;language=DFLT;mapping=tex-text;+l
iga;mapping=tex-text;"
. 
. * 'bold small caps' with NFSS spec.:
. 
. <->"[texgyretermes-bold.otf]/OT:script=latn;language=DFLT;mapping=tex-text;+l
iga;mapping=tex-text;+smcp;"
. and font adjustment code:
. 
. 
. * 'italic' with NFSS spec.:
. 
. <->"[texgyretermes-italic.otf]/OT:script=latn;language=DFLT;mapping=tex-text;
+liga;mapping=tex-text;"
. 
. * 'small caps' with NFSS spec.:
. 
. <->"[texgyretermes-italic.otf]/OT:script=latn;language=DFLT;mapping=tex-text;
+liga;mapping=tex-text;+smcp;"
. and font adjustment code:
. 
. 
. * 'bold italic' with NFSS spec.:
. 
. <->"[texgyretermes-bolditalic.otf]/OT:script=latn;language=DFLT;mapping=tex-t
ext;+liga;mapping=tex-text;"
. 
. * 'bold small caps' with NFSS spec.:
. 
. <->"[texgyretermes-bolditalic.otf]/OT:script=latn;language=DFLT;mapping=tex-t
ext;+liga;mapping=tex-text;+smcp;"
. and font adjustment code:
. 
.................................................

*************************************************
* fontspec warning: "icu-feature-not-exist-in-font"
* 
* OpenType feature 'Ligatures=Common,TeX' (+liga) not available for font
* 'Droid Sans' with script 'Latin' and language 'Default'.
*************************************************
\g__fontspec_family_DroidSans_int=\count124
.................................................
. fontspec info: "no-font-shape"
. 
. Could not resolve font Droid Sans/I (it probably doesn't exist).
.................................................
*************************************************
* fontspec warning: "icu-feature-not-exist-in-font"
* 
* OpenType feature 'Ligatures=Common,TeX' (+liga) not available for font
* 'Droid Sans' with script 'Latin' and language 'Default'.
*************************************************
*************************************************
* fontspec warning: "icu-feature-not-exist-in-font"
* 
* OpenType feature 'Ligatures=Common,TeX' (+liga) not available for font
* 'Droid Sans/B' with script 'Latin' and language 'Default'.
*************************************************
*************************************************
* fontspec warning: "icu-feature-not-exist-in-font"
* 
* OpenType feature 'Ligatures=Common,TeX' (+liga) not available for font
* 'Droid Sans/BI' with script 'Latin' and language 'Default'.
*************************************************
.................................................
. fontspec info: "defining-font"
. 
. Font family 'DroidSans(0)' created for font 'Droid Sans' with options
. [Ligatures=TeX,Ligatures={Common,TeX}].
. 
. This font family consists of the following shapes:
. 
. * 'normal' with NFSS spec.:
. <->"Droid
. Sans/OT:script=latn;language=DFLT;mapping=tex-text;mapping=tex-text;"
. 
. * 'small caps' with NFSS spec.:
. 
. and font adjustment code:
. 
. 
. * 'bold' with NFSS spec.:
. <->"Droid
. Sans/B/OT:script=latn;language=DFLT;mapping=tex-text;mapping=tex-text;"
. 
. * 'bold small caps' with NFSS spec.:
. 
. and font adjustment code:
. 
. 
. * 'bold italic' with NFSS spec.:
. <->"Droid
. Sans/BI/OT:script=latn;language=DFLT;mapping=tex-text;mapping=tex-text;"
. 
. * 'bold small caps' with NFSS spec.:
. 
. and font adjustment code:
. 
.................................................
\g__fontspec_family_CMUTypewriterText_int=\count125
.................................................
. fontspec info: "no-font-shape"
. 
. Could not resolve font CMU Typewriter Text/B (it probably doesn't exist).
.................................................
.................................................
. fontspec info: "defining-font"
. 
. Font family 'CMUTypewriterText(0)' created for font 'CMU Typewriter Text'
. with options [WordSpace={1,0,0},PunctuationSpace=WordSpace].
. 
. This font family consists of the following shapes:
. 
. * 'normal' with NFSS spec.:
. <->"CMU Typewriter Text/OT:script=latn;language=DFLT;"
. 
. * 'small caps' with NFSS spec.:
. 
. and font adjustment code:
. \fontdimen 2\font =1\fontdimen 2\font \fontdimen 3\font =0\fontdimen 3\font
. \fontdimen 4\font =0\fontdimen 4\font \fontdimen 7\font =0\fontdimen 2\font 
. 
. * 'italic' with NFSS spec.:
. <->"CMU Typewriter Text/I/OT:script=latn;language=DFLT;"
. 
. * 'small caps' with NFSS spec.:
. 
. and font adjustment code:
. \fontdimen 2\font =1\fontdimen 2\font \fontdimen 3\font =0\fontdimen 3\font
. \fontdimen 4\font =0\fontdimen 4\font \fontdimen 7\font =0\fontdimen 2\font 
. 
. * 'bold italic' with NFSS spec.:
. <->"CMU Typewriter Text/BI/OT:script=latn;language=DFLT;"
. 
. * 'bold small caps' with NFSS spec.:
. 
. and font adjustment code:
. \fontdimen 2\font =1\fontdimen 2\font \fontdimen 3\font =0\fontdimen 3\font
. \fontdimen 4\font =0\fontdimen 4\font \fontdimen 7\font =0\fontdimen 2\font 
.................................................
(/usr/share/texlive/texmf-dist/tex/xelatex/xecjk/xeCJK.sty
Package: xeCJK 2014/06/20 v3.2.13 Typesetting CJK scripts with XeLaTeX

(/usr/share/texlive/texmf-dist/tex/latex/l3packages/xtemplate/xtemplate.sty
Package: xtemplate 2014/09/15 v5423 L3 Experimental prototype document function
s
\l__xtemplate_tmp_dim=\dimen139
\l__xtemplate_tmp_int=\count126
\l__xtemplate_tmp_muskip=\muskip16
\l__xtemplate_tmp_skip=\skip49
Variant \prop_get:NoNTF already defined; not changing it on line 106
Variant \prop_get:NoNT already defined; not changing it on line 107
Variant \prop_get:NoNF already defined; not changing it on line 108
)
(/usr/share/texlive/texmf-dist/tex/latex/l3packages/l3keys2e/l3keys2e.sty
Package: l3keys2e 2014/09/15 v5423 LaTeX2e option processing using LaTeX3 keys
)
(/usr/share/texlive/texmf-dist/tex/latex/everypage/everypage.sty
Package: everypage 2007/06/20 1.1 Hooks to run on every page
)
\l__xeCJK_tmp_int=\count127
\l__xeCJK_tmp_box=\box41
\l__xeCJK_tmp_dim=\dimen140
\l__xeCJK_tmp_skip=\skip50
.................................................
. LaTeX info: "xparse/define-command"
. 
. Defining command \xeCJKShipoutHook with sig. '' on line 145.
.................................................
\g__xeCJK_spacefactor_int=\count128
\l__xeCJK_begin_int=\count129
\l__xeCJK_end_int=\count130
.................................................
. LaTeX info: "xparse/define-command"
. 
. Defining command \makexeCJKactive with sig. '' on line 363.
.................................................
.................................................
. LaTeX info: "xparse/define-command"
. 
. Defining command \makexeCJKinactive with sig. '' on line 364.
.................................................
\c__xeCJK_HalfLeft_class_int=\XeTeXintercharclass4
\c__xeCJK_HalfRight_class_int=\XeTeXintercharclass5
\c__xeCJK_NormalSpace_class_int=\XeTeXintercharclass6
\c__xeCJK_IVS_class_int=\XeTeXintercharclass7
.................................................
. LaTeX info: "xparse/define-command"
. 
. Defining command \xeCJKDeclareCharClass with sig. 's>{\TrimSpaces }mm' on
. line 518.
.................................................
.................................................
. LaTeX info: "xparse/define-command"
. 
. Defining command \__xeCJK_set_char_class_aux:Nnw with sig.
. 'm>{\SplitArgument {1}{->}}m' on line 535.
.................................................
.................................................
. LaTeX info: "xparse/define-command"
. 
. Defining command \normalspacedchars with sig. 'm' on line 577.
.................................................
.................................................
. LaTeX info: "xparse/define-command"
. 
. Defining command \xeCJKResetPunctClass with sig. '' on line 584.
.................................................
.................................................
. LaTeX info: "xparse/define-command"
. 
. Defining command \xeCJKResetCharClass with sig. '' on line 591.
.................................................
\c__xeCJK_CJK_node_dim=\dimen141
\c__xeCJK_CJK-space_node_dim=\dimen142
\c__xeCJK_default_node_dim=\dimen143
\c__xeCJK_default-space_node_dim=\dimen144
\c__xeCJK_CJK-nobreak_node_dim=\dimen145
\c__xeCJK_normalspace_node_dim=\dimen146
\l__xeCJK_ccglue_skip=\skip51
\l__xeCJK_ecglue_skip=\skip52
.................................................
. LaTeX info: "xparse/define-command"
. 
. Defining command \xeCJKnobreak with sig. '' on line 1308.
.................................................
.................................................
. LaTeX info: "xparse/define-command"
. 
. Defining command \xeCJKDeclareSubCJKBlock with sig. 's>{\TrimSpaces
. }m>{\TrimSpaces }m' on line 1497.
.................................................
.................................................
. LaTeX info: "xparse/define-command"
. 
. Defining command \xeCJKCancelSubCJKBlock with sig. 'sm' on line 1508.
.................................................
.................................................
. LaTeX info: "xparse/define-command"
. 
. Defining command \xeCJKRestoreSubCJKBlock with sig. 'sm' on line 1517.
.................................................
.................................................
. LaTeX info: "xparse/define-command"
. 
. Defining command \xeCJKsetwidth with sig. 'smm' on line 1615.
.................................................
.................................................
. LaTeX info: "xparse/define-command"
. 
. Defining command \xeCJKsetkern with sig. 'mmm' on line 1619.
.................................................
.................................................
. xtemplate info: "declare-object-type"
. 
. Declaring object type 'xeCJK/punctuation' taking \c_zero  argument(s) on
. line 1720.
.................................................
\l__xeCJK_fixed_punct_width_dim=\dimen147
\l__xeCJK_mixed_punct_width_dim=\dimen148
\l__xeCJK_middle_punct_width_dim=\dimen149
\l__xeCJK_fixed_margin_width_dim=\dimen150
\l__xeCJK_mixed_margin_width_dim=\dimen151
\l__xeCJK_middle_margin_width_dim=\dimen152
\l__xeCJK_bound_punct_width_dim=\dimen153
\l__xeCJK_bound_margin_width_dim=\dimen154
\l__xeCJK_margin_minimum_dim=\dimen155
\l__xeCJK_kerning_total_width_dim=\dimen156
\l__xeCJK_same_align_margin_dim=\dimen157
\l__xeCJK_different_align_margin_dim=\dimen158
\l__xeCJK_kerning_margin_width_dim=\dimen159
\l__xeCJK_kerning_margin_minimum_dim=\dimen160
\l__xeCJK_bound_dim=\dimen161
\l__xeCJK_reverse_bound_dim=\dimen162
.................................................
. LaTeX info: "xparse/define-command"
. 
. Defining command \xeCJKDeclarePunctStyle with sig. '>{\TrimSpaces }mm' on
. line 2205.
.................................................
.................................................
. LaTeX info: "xparse/define-command"
. 
. Defining command \xeCJKEditPunctStyle with sig. '>{\TrimSpaces }mm' on line
. 2218.
.................................................
.................................................
. LaTeX info: "xparse/define-command"
. 
. Defining command \setCJKfallbackfamilyfont with sig. 'mO{}m' on line 2306.
.................................................
\g__xeCJK_family_int=\count131
.................................................
. LaTeX info: "xparse/define-command"
. 
. Defining command \CJKfamily with sig. 't+t-m' on line 2730.
.................................................
.................................................
. LaTeX info: "xparse/define-command"
. 
. Defining command \__xeCJK_gobble_CJKfamily:wn with sig. 't+t-m' on line
. 2744.
.................................................
.................................................
. LaTeX info: "xparse/define-command"
. 
. Defining command \setCJKmainfont with sig. 'O{}m' on line 2794.
.................................................
.................................................
. LaTeX info: "xparse/define-command"
. 
. Defining command \setCJKsansfont with sig. 'O{}m' on line 2800.
.................................................
.................................................
. LaTeX info: "xparse/define-command"
. 
. Defining command \setCJKmonofont with sig. 'O{}m' on line 2805.
.................................................
.................................................
. LaTeX info: "xparse/define-command"
. 
. Defining command \setCJKfamilyfont with sig. 'mO{}m' on line 2812.
.................................................
.................................................
. LaTeX info: "xparse/define-command"
. 
. Defining command \newCJKfontfamily with sig. 'omO{}m' on line 2818.
.................................................
.................................................
. LaTeX info: "xparse/define-command"
. 
. Defining command \CJKfontspec with sig. 'O{}m' on line 2823.
.................................................
.................................................
. LaTeX info: "xparse/define-command"
. 
. Defining command \defaultCJKfontfeatures with sig. 'm' on line 2846.
.................................................
.................................................
. LaTeX info: "xparse/define-command"
. 
. Defining command \addCJKfontfeatures with sig. 'sO{}m' on line 2852.
.................................................
.................................................
. LaTeX info: "xparse/define-command"
. 
. Defining command \setCJKmathfont with sig. 'O{}m' on line 3021.
.................................................
\l__xeCJK_verb_case_int=\count132
.................................................
. LaTeX info: "xparse/define-command"
. 
. Defining command \xeCJKVerbAddon with sig. '' on line 3174.
.................................................
.................................................
. LaTeX info: "xparse/define-command"
. 
. Defining command \xeCJKOffVerbAddon with sig. '' on line 3178.
.................................................
\l__xeCJK_verb_exspace_skip=\skip53

(/usr/share/texlive/texmf-dist/tex/xelatex/xecjk/xunicode-addon.sty
Package: xunicode-addon 2014/06/20 v3.2.13 addon file for xunicode
.................................................
. LaTeX info: "xparse/redefine-command"
. 
. Redefining command \ReloadXunicode with sig. 'm' on line 89.
.................................................
.................................................
. LaTeX info: "xparse/redefine-command"
. 
. Redefining command \DeclareUTFmathsymbols with sig. 'm' on line 124.
.................................................
.................................................
. LaTeX info: "xparse/redefine-command"
. 
. Redefining command \UseMathAsText with sig. '' on line 133.
.................................................
.................................................
. LaTeX info: "xparse/redefine-command"
. 
. Redefining command \UndeclareUTFcharacter with sig. 'O{\UTFencname }mm' on
. line 168.
.................................................
.................................................
. LaTeX info: "xparse/redefine-command"
. 
. Redefining command \UndeclareUTFcomposite with sig. 'O{\UTFencname }mmm' on
. line 175.
.................................................
.................................................
. LaTeX info: "xparse/redefine-command"
. 
. Redefining command \DeclareUTFcharacter with sig. 'O{\UTFencname }mm' on
. line 202.
.................................................
.................................................
. LaTeX info: "xparse/define-command"
. 
. Defining command \DeclareUTFSymbol with sig. 'mO{\UTFencname }m' on line
. 228.
.................................................
.................................................
. LaTeX info: "xparse/define-command"
. 
. Defining command \DeclareUTFCommand with sig. 'mO{\UTFencname }m' on line
. 230.
.................................................
.................................................
. LaTeX info: "xparse/redefine-command"
. 
. Redefining command \DeclareUTFcomposite with sig. 'O{\UTFencname }mmm' on
. line 273.
.................................................
.................................................
. LaTeX info: "xparse/define-command"
. 
. Defining command \DeclareUTFCompositeCommand with sig. 'mO{\UTFencname }mm'
. on line 286.
.................................................
.................................................
. LaTeX info: "xparse/define-command"
. 
. Defining command \DeclareUTFCompositeSymbol with sig. 'mO{\UTFencname }mm'
. on line 291.
.................................................
.................................................
. LaTeX info: "xparse/define-command"
. 
. Defining command \DeclareUTFComposite with sig. 'mO{\UTFencname }' on line
. 293.
.................................................
.................................................
. LaTeX info: "xparse/define-command"
. 
. Defining command \DeclareUTFEncodedAccent with sig. 'mO{\UTFencname }mm' on
. line 295.
.................................................
.................................................
. LaTeX info: "xparse/define-command"
. 
. Defining command \DeclareUTFEncodedAccents with sig. 'mO{\UTFencname }mm' on
. line 297.
.................................................
.................................................
. LaTeX info: "xparse/define-command"
. 
. Defining command \DeclareUTFEncodedSymbol with sig. 'mO{\UTFencname }mm' on
. line 299.
.................................................
.................................................
. LaTeX info: "xparse/define-command"
. 
. Defining command \DeclareUTFEncodedCircle with sig. 'mO{\UTFencname }mm' on
. line 301.
.................................................
.................................................
. LaTeX info: "xparse/redefine-command"
. 
. Redefining command \DeclareEncodedCompositeCharacter with sig. 'mmmm' on
. line 303.
.................................................
.................................................
. LaTeX info: "xparse/redefine-command"
. 
. Redefining command \DeclareEncodedCompositeAccents with sig. 'mmmm' on line
. 305.
.................................................
.................................................
. LaTeX info: "xparse/define-command"
. 
. Defining command \DeclareUTFDoubleEncodedAccent with sig. 'mO{\UTFencname
. }mm' on line 307.
.................................................
.................................................
. LaTeX info: "xparse/define-command"
. 
. Defining command \DeclareUTFDoubleEncodedSymbol with sig. 'mO{\UTFencname
. }mm' on line 309.
.................................................
\l__xunadd_circle_width_dim=\dimen163
\l__xunadd_tmp_coffin=\box42
\l__xunadd_circle_coffin=\box43
.................................................
. LaTeX info: "xparse/define-command"
. 
. Defining command \settextcircledratio with sig. 'm' on line 459.
.................................................
.................................................
. LaTeX info: "xparse/define-command"
. 
. Defining command \AtBeginUTFCommand with sig. 'sO{}+m' on line 528.
.................................................
.................................................
. LaTeX info: "xparse/define-command"
. 
. Defining command \AtEndUTFCommand with sig. 'sO{}+m' on line 538.
.................................................
.................................................
. LaTeX info: "xparse/define-command"
. 
. Defining command \DeclareUTFTIPACommand with sig. 'O{\UTFencname }m' on line
. 570.
.................................................
)
(/usr/share/texlive/texmf-dist/tex/xelatex/xunicode/xunicode.sty
File: xunicode.sty 2011/09/09 v0.981 provides access to latin accents and many 
other characters in Unicode lower plane

*** Reloading Xunicode for encoding 'EU1' ***
) (/usr/share/texlive/texmf-dist/tex/xelatex/xecjk/xunicode-extra.def
File: xunicode-extra.def 2014/06/20 v3.2.13 extra definition for xunicode
)
.................................................
. LaTeX info: "xparse/define-command"
. 
. Defining command \xeCJKsetup with sig. '+m' on line 3477.
.................................................
.................................................
. LaTeX info: "xparse/define-command"
. 
. Defining command \xeCJKsetemboldenfactor with sig. 'm' on line 3479.
.................................................
.................................................
. LaTeX info: "xparse/define-command"
. 
. Defining command \xeCJKsetslantfactor with sig. 'm' on line 3481.
.................................................
.................................................
. LaTeX info: "xparse/define-command"
. 
. Defining command \punctstyle with sig. 'm' on line 3482.
.................................................
.................................................
. LaTeX info: "xparse/define-command"
. 
. Defining command \xeCJKplainchr with sig. '' on line 3483.
.................................................
.................................................
. LaTeX info: "xparse/define-command"
. 
. Defining command \CJKsetecglue with sig. 'm' on line 3484.
.................................................
.................................................
. LaTeX info: "xparse/define-command"
. 
. Defining command \CJKspace with sig. '' on line 3486.
.................................................
.................................................
. LaTeX info: "xparse/define-command"
. 
. Defining command \CJKnospace with sig. '' on line 3487.
.................................................
.................................................
. LaTeX info: "xparse/define-command"
. 
. Defining command \xeCJKallowbreakbetweenpuncts with sig. '' on line 3489.
.................................................
.................................................
. LaTeX info: "xparse/define-command"
. 
. Defining command \xeCJKnobreakbetweenpuncts with sig. '' on line 3491.
.................................................
.................................................
. LaTeX info: "xparse/define-command"
. 
. Defining command \xeCJKenablefallback with sig. '' on line 3493.
.................................................
.................................................
. LaTeX info: "xparse/define-command"
. 
. Defining command \xeCJKdisablefallback with sig. '' on line 3495.
.................................................
.................................................
. LaTeX info: "xparse/define-command"
. 
. Defining command \xeCJKsetcharclass with sig. 'mmm' on line 3500.
.................................................
.................................................
. LaTeX info: "xparse/redefine-command"
. 
. Redefining command \nobreakspace with sig. '' on line 3587.
.................................................
.................................................
. LaTeX info: "xparse/redefine-command"
. 
. Redefining command \fontfamily with sig. 'm' on line 3633.
.................................................

(/usr/share/texlive/texmf-dist/tex/xelatex/xecjk/config/xeCJK.cfg
File: xeCJK.cfg 2014/06/20 v3.2.13 Configuration file for xeCJK package
))
\g__fontspec_family_AdobeSongStd_int=\count133
.................................................
. fontspec info: "no-font-shape"
. 
. Could not resolve font Adobe Kaiti Std/B (it probably doesn't exist).
.................................................
.................................................
. fontspec info: "no-font-shape"
. 
. Could not resolve font Adobe Heiti Std/I (it probably doesn't exist).
.................................................
.................................................
. fontspec info: "no-font-shape"
. 
. Could not resolve font Adobe Song Std/BI (it probably doesn't exist).
.................................................
.................................................
. fontspec info: "defining-font"
. 
. Font family 'AdobeSongStd(0)' created for font 'Adobe Song Std' with options
. [Mapping=tex-text,Script={CJK},BoldFont={Adobe Heiti Std},ItalicFont={Adobe
. Kaiti Std}].
. 
. This font family consists of the following shapes:
. 
. * 'normal' with NFSS spec.:
. <->"Adobe Song Std/OT:script=hani;language=DFLT;mapping=tex-text;"
. 
. * 'small caps' with NFSS spec.:
. 
. and font adjustment code:
. 
. 
. * 'bold' with NFSS spec.:
. <->"Adobe Heiti Std/OT:script=hani;language=DFLT;mapping=tex-text;"
. 
. * 'bold small caps' with NFSS spec.:
. 
. and font adjustment code:
. 
. 
. * 'italic' with NFSS spec.:
. <->"Adobe Kaiti Std/OT:script=hani;language=DFLT;mapping=tex-text;"
. 
. * 'small caps' with NFSS spec.:
. 
. and font adjustment code:
. 
.................................................

(/usr/share/texlive/texmf-dist/tex/latex/zhnumber/zhnumber.sty
Package: zhnumber 2014/09/13 v2.1 Typesetting numbers with Chinese glyphs
.................................................
. LaTeX info: "xparse/define-command"
. 
. Defining command \zhnumber with sig. '+o+m' on line 45.
.................................................
.................................................
. LaTeX info: "xparse/define-command"
. 
. Defining command \zhnumberwithoptions with sig. '+m+m' on line 52.
.................................................
.................................................
. LaTeX info: "xparse/define-command"
. 
. Defining command \zhnum with sig. '+o+m' on line 106.
.................................................
.................................................
. LaTeX info: "xparse/define-command"
. 
. Defining command \zhnumwithoptions with sig. '+m+m' on line 113.
.................................................
.................................................
. LaTeX info: "xparse/define-command"
. 
. Defining command \zhdigits with sig. '+s+o+m' on line 289.
.................................................
.................................................
. LaTeX info: "xparse/define-command"
. 
. Defining command \zhdigitswithoptions with sig. '+m+m+m' on line 296.
.................................................
.................................................
. LaTeX info: "xparse/define-command"
. 
. Defining command \zhdate with sig. '+s+m' on line 355.
.................................................
\l__zhnum_scale_int=\count134
.................................................
. LaTeX info: "xparse/define-command"
. 
. Defining command \zhnumExtendScaleMap with sig. '>{\TrimSpaces }+o+m' on
. line 468.
.................................................
.................................................
. LaTeX info: "xparse/define-command"
. 
. Defining command \zhnumsetup with sig. '+m' on line 800.
.................................................

(/usr/share/texlive/texmf-dist/tex/latex/zhnumber/config/zhnumber-utf8.cfg
File: zhnumber-utf8.cfg 2014/09/13 v2.1 Chinese numerals with UTF8 encoding
))
(/usr/share/texlive/texmf-dist/tex/latex/interfaces/interfaces-LaTeX.sty
Package: interfaces-LaTeX 2011/02/19 v3.1 pgfkeys macros for LaTeX (FC)

(/usr/share/texlive/texmf-dist/tex/latex/interfaces/interfaces-base.sty
Package: interfaces-base 2011/02/19 v3.1 Interfaces core system layer (FC)

(/usr/share/texlive/texmf-dist/tex/generic/oberdiek/ltxcmds.sty
Package: ltxcmds 2011/11/09 v1.22 LaTeX kernel commands for general use (HO)
)
(/usr/share/texlive/texmf-dist/tex/latex/etoolbox/etoolbox.sty
Package: etoolbox 2011/01/03 v2.1 e-TeX tools for LaTeX
\etb@tempcnta=\count135
)
(/usr/share/texlive/texmf-dist/tex/latex/pgf/utilities/pgfkeys.sty
(/usr/share/texlive/texmf-dist/tex/generic/pgf/utilities/pgfkeys.code.tex
\pgfkeys@pathtoks=\toks18
\pgfkeys@temptoks=\toks19

(/usr/share/texlive/texmf-dist/tex/generic/pgf/utilities/pgfkeysfiltered.code.t
ex
\pgfkeys@tmptoks=\toks20
))) (/usr/share/texlive/texmf-dist/tex/latex/koma-script/scrlfile.sty
Package: scrlfile 2013/12/19 v3.12 KOMA-Script package (loading files)

Package scrlfile, 2013/12/19 v3.12 KOMA-Script package (loading files)
                  Copyright (C) Markus Kohm

) (/usr/share/texlive/texmf-dist/tex/generic/oberdiek/infwarerr.sty
Package: infwarerr 2010/04/08 v1.3 Providing info/warning/error messages (HO)
)
\itf@sk=\skip54
\itf@musk=\muskip17
\itf@tk=\toks21
\itf@cnt=\count136
)
(/usr/share/texlive/texmf-dist/tex/latex/interfaces/interfaces-etoolbox.sty
Package: interfaces-etoolbox 2011/02/19 v3.1 more etoolbox-like commands (FC)
)
(/usr/share/texlive/texmf-dist/tex/latex/interfaces/interfaces-scrlfile.sty
Package: interfaces-scrlfile 2011/02/19 v3.1 scrlfile hooks improved (FC)
)
(/usr/share/texlive/texmf-dist/tex/latex/interfaces/interfaces-pgfkeys.sty
Package: interfaces-pgfkeys 2011/02/19 v3.1 pgfkeys handlers definitions (FC)
)
(/usr/share/texlive/texmf-dist/tex/latex/interfaces/interfaces-tikz.sty
Package: interfaces-tikz 2011/02/19 v3.1 load tikz libraries easily (FC)
)
(/usr/share/texlive/texmf-dist/tex/latex/interfaces/interfaces-umrand.sty
Package: interfaces-umrand 2011/02/19 v3.1 patch for umrand.sty ifnotempty (FC)

))
(/usr/share/texlive/texmf-dist/tex/latex/geometry/geometry.sty
Package: geometry 2010/09/12 v5.6 Page Geometry

(/usr/share/texlive/texmf-dist/tex/generic/oberdiek/ifpdf.sty
Package: ifpdf 2011/01/30 v2.3 Provides the ifpdf switch (HO)
Package ifpdf Info: pdfTeX in PDF mode is not detected.
)
(/usr/share/texlive/texmf-dist/tex/generic/oberdiek/ifvtex.sty
Package: ifvtex 2010/03/01 v1.5 Detect VTeX and its facilities (HO)
Package ifvtex Info: VTeX not detected.
)
(/usr/share/texlive/texmf-dist/tex/generic/ifxetex/ifxetex.sty
Package: ifxetex 2010/09/12 v0.6 Provides ifxetex conditional
)
\Gm@cnth=\count137
\Gm@cntv=\count138
\c@Gm@tempcnt=\count139
\Gm@bindingoffset=\dimen164
\Gm@wd@mp=\dimen165
\Gm@odd@mp=\dimen166
\Gm@even@mp=\dimen167
\Gm@layoutwidth=\dimen168
\Gm@layoutheight=\dimen169
\Gm@layouthoffset=\dimen170
\Gm@layoutvoffset=\dimen171
\Gm@dimlist=\toks22
)
(/usr/share/texlive/texmf-dist/tex/latex/tools/indentfirst.sty
Package: indentfirst 1995/11/23 v1.03 Indent first paragraph (DPC)
)
(/usr/share/texlive/texmf-dist/tex/latex/graphics/color.sty
Package: color 2014/04/23 v1.1a Standard LaTeX Color (DPC)

(/usr/share/texlive/texmf-dist/tex/latex/latexconfig/color.cfg
File: color.cfg 2007/01/18 v1.5 color configuration of teTeX/TeXLive
)
Package color Info: Driver file: xetex.def on input line 137.
)
(/usr/share/texlive/texmf-dist/tex/latex/xcolor/xcolor.sty
Package: xcolor 2007/01/21 v2.11 LaTeX color extensions (UK)

(/usr/share/texlive/texmf-dist/tex/latex/latexconfig/color.cfg
File: color.cfg 2007/01/18 v1.5 color configuration of teTeX/TeXLive
)
Package xcolor Info: Driver file: xetex.def on input line 225.

(/usr/share/texlive/texmf-dist/tex/latex/colortbl/colortbl.sty
Package: colortbl 2012/02/13 v1.0a Color table columns (DPC)

(/usr/share/texlive/texmf-dist/tex/latex/tools/array.sty
Package: array 2014/10/28 v2.4c Tabular extension package (FMi)
\col@sep=\dimen172
\extrarowheight=\dimen173
\NC@list=\toks23
\extratabsurround=\skip55
\backup@length=\skip56
)
\everycr=\toks24
\minrowclearance=\skip57
)
LaTeX Info: Redefining \color on input line 702.
\rownum=\count140
Package xcolor Info: Model `cmy' substituted by `cmy0' on input line 1337.
Package xcolor Info: Model `RGB' extended on input line 1353.
Package xcolor Info: Model `HTML' substituted by `rgb' on input line 1355.
Package xcolor Info: Model `Hsb' substituted by `hsb' on input line 1356.
Package xcolor Info: Model `tHsb' substituted by `hsb' on input line 1357.
Package xcolor Info: Model `HSB' substituted by `hsb' on input line 1358.
Package xcolor Info: Model `Gray' substituted by `gray' on input line 1359.
Package xcolor Info: Model `wave' substituted by `hsb' on input line 1360.
)
(/usr/share/texlive/texmf-dist/tex/latex/hyperref/hyperref.sty
Package: hyperref 2012/11/06 v6.83m Hypertext links for LaTeX

(/usr/share/texlive/texmf-dist/tex/generic/oberdiek/hobsub-hyperref.sty
Package: hobsub-hyperref 2012/05/28 v1.13 Bundle oberdiek, subset hyperref (HO)


(/usr/share/texlive/texmf-dist/tex/generic/oberdiek/hobsub-generic.sty
Package: hobsub-generic 2012/05/28 v1.13 Bundle oberdiek, subset generic (HO)
Package: hobsub 2012/05/28 v1.13 Construct package bundles (HO)
Package hobsub Info: Skipping package `infwarerr' (already loaded).
Package hobsub Info: Skipping package `ltxcmds' (already loaded).
Package: ifluatex 2010/03/01 v1.3 Provides the ifluatex switch (HO)
Package ifluatex Info: LuaTeX not detected.
Package hobsub Info: Skipping package `ifvtex' (already loaded).
Package: intcalc 2007/09/27 v1.1 Expandable calculations with integers (HO)
Package hobsub Info: Skipping package `ifpdf' (already loaded).
Package: etexcmds 2011/02/16 v1.5 Avoid name clashes with e-TeX commands (HO)
Package etexcmds Info: Could not find \expanded.
(etexcmds)             That can mean that you are not using pdfTeX 1.50 or
(etexcmds)             that some package has redefined \expanded.
(etexcmds)             In the latter case, load this package earlier.
Package: kvsetkeys 2012/04/25 v1.16 Key value parser (HO)
Package: kvdefinekeys 2011/04/07 v1.3 Define keys (HO)
Package: pdftexcmds 2011/11/29 v0.20 Utility functions of pdfTeX for LuaTeX (HO
)
Package pdftexcmds Info: LuaTeX not detected.
Package pdftexcmds Info: pdfTeX >= 1.30 not detected.
Package pdftexcmds Info: \pdf@primitive is available.
Package pdftexcmds Info: \pdf@ifprimitive is available.
Package pdftexcmds Info: \pdfdraftmode not found.
Package: pdfescape 2011/11/25 v1.13 Implements pdfTeX's escape features (HO)
Package: bigintcalc 2012/04/08 v1.3 Expandable calculations on big integers (HO
)
Package: bitset 2011/01/30 v1.1 Handle bit-vector datatype (HO)
Package: uniquecounter 2011/01/30 v1.2 Provide unlimited unique counter (HO)
)
Package hobsub Info: Skipping package `hobsub' (already loaded).
Package: letltxmacro 2010/09/02 v1.4 Let assignment for LaTeX macros (HO)
Package: hopatch 2012/05/28 v1.2 Wrapper for package hooks (HO)
Package: xcolor-patch 2011/01/30 xcolor patch
Package: atveryend 2011/06/30 v1.8 Hooks at the very end of document (HO)
Package: atbegshi 2011/10/05 v1.16 At begin shipout hook (HO)
Package: refcount 2011/10/16 v3.4 Data extraction from label references (HO)
Package: hycolor 2011/01/30 v1.7 Color options for hyperref/bookmark (HO)
)
(/usr/share/texlive/texmf-dist/tex/latex/oberdiek/auxhook.sty
Package: auxhook 2011/03/04 v1.3 Hooks for auxiliary files (HO)
)
(/usr/share/texlive/texmf-dist/tex/latex/oberdiek/kvoptions.sty
Package: kvoptions 2011/06/30 v3.11 Key value format for package options (HO)
)
\@linkdim=\dimen174
\Hy@linkcounter=\count141
\Hy@pagecounter=\count142

(/usr/share/texlive/texmf-dist/tex/latex/hyperref/pd1enc.def
File: pd1enc.def 2012/11/06 v6.83m Hyperref: PDFDocEncoding definition (HO)
)
\Hy@SavedSpaceFactor=\count143

(/usr/share/texlive/texmf-dist/tex/latex/latexconfig/hyperref.cfg
File: hyperref.cfg 2002/06/06 v1.2 hyperref configuration of TeXLive
)
Package hyperref Info: Option `unicode' set `true' on input line 4319.

(/usr/share/texlive/texmf-dist/tex/latex/hyperref/puenc.def
File: puenc.def 2012/11/06 v6.83m Hyperref: PDF Unicode definition (HO)
)
Package hyperref Info: Hyper figures OFF on input line 4443.
Package hyperref Info: Link nesting OFF on input line 4448.
Package hyperref Info: Hyper index ON on input line 4451.
Package hyperref Info: Plain pages OFF on input line 4458.
Package hyperref Info: Backreferencing OFF on input line 4463.
Package hyperref Info: Implicit mode ON; LaTeX internals redefined.
Package hyperref Info: Bookmarks ON on input line 4688.
\c@Hy@tempcnt=\count144

(/usr/share/texlive/texmf-dist/tex/latex/url/url.sty
\Urlmuskip=\muskip18
Package: url 2013/09/16  ver 3.4  Verb mode for urls, etc.
)
LaTeX Info: Redefining \url on input line 5041.
\XeTeXLinkMargin=\dimen175
\Fld@menulength=\count145
\Field@Width=\dimen176
\Fld@charsize=\dimen177
Package hyperref Info: Hyper figures OFF on input line 6295.
Package hyperref Info: Link nesting OFF on input line 6300.
Package hyperref Info: Hyper index ON on input line 6303.
Package hyperref Info: backreferencing OFF on input line 6310.
Package hyperref Info: Link coloring OFF on input line 6315.
Package hyperref Info: Link coloring with OCG OFF on input line 6320.
Package hyperref Info: PDF/A mode OFF on input line 6325.
LaTeX Info: Redefining \ref on input line 6365.
LaTeX Info: Redefining \pageref on input line 6369.
\Hy@abspage=\count146
\c@Item=\count147
\c@Hfootnote=\count148
)

Package hyperref Message: Driver (autodetected): hxetex.

(/usr/share/texlive/texmf-dist/tex/latex/hyperref/hxetex.def
File: hxetex.def 2012/11/06 v6.83m Hyperref driver for XeTeX

(/usr/share/texlive/texmf-dist/tex/generic/oberdiek/stringenc.sty
Package: stringenc 2011/12/02 v1.10 Convert strings between diff. encodings (HO
)
)
\pdfm@box=\box44
\c@Hy@AnnotLevel=\count149
\HyField@AnnotCount=\count150
\Fld@listcount=\count151
\c@bookmark@seq@number=\count152

(/usr/share/texlive/texmf-dist/tex/latex/oberdiek/rerunfilecheck.sty
Package: rerunfilecheck 2011/04/15 v1.7 Rerun checks for auxiliary files (HO)
Package rerunfilecheck Info: Feature \pdfmdfivesum is not available
(rerunfilecheck)             (e.g. pdfTeX or LuaTeX with package `pdftexcmds').

(rerunfilecheck)             Therefore file contents cannot be checked efficien
tly
(rerunfilecheck)             and the loading of the package is aborted.
)
\Hy@SectionHShift=\skip58
)
Package hyperref Info: Option `bookmarksnumbered' set `true' on input line 220.

Package hyperref Info: Option `bookmarksopen' set `true' on input line 220.
Package hyperref Info: Option `breaklinks' set `true' on input line 220.
Package hyperref Info: Option `colorlinks' set `true' on input line 220.
Package hyperref Info: Option `plainpages' set `false' on input line 220.


Package hyperref Warning: Option `pdfpagelabels' has already been used,
(hyperref)                setting the option has no effect on input line 220.

(/usr/share/texlive/texmf-dist/tex/latex/amsmath/amsmath.sty
Package: amsmath 2013/01/14 v2.14 AMS math features
\@mathmargin=\skip59

For additional information on amsmath, use the `?' option.
(/usr/share/texlive/texmf-dist/tex/latex/amsmath/amstext.sty
Package: amstext 2000/06/29 v2.01

(/usr/share/texlive/texmf-dist/tex/latex/amsmath/amsgen.sty
File: amsgen.sty 1999/11/30 v2.0
\@emptytoks=\toks25
\ex@=\dimen178
))
(/usr/share/texlive/texmf-dist/tex/latex/amsmath/amsbsy.sty
Package: amsbsy 1999/11/29 v1.2d
\pmbraise@=\dimen179
)
(/usr/share/texlive/texmf-dist/tex/latex/amsmath/amsopn.sty
Package: amsopn 1999/12/14 v2.01 operator names
)
\inf@bad=\count153
LaTeX Info: Redefining \frac on input line 210.
\uproot@=\count154
\leftroot@=\count155
LaTeX Info: Redefining \overline on input line 306.
\classnum@=\count156
\DOTSCASE@=\count157
LaTeX Info: Redefining \ldots on input line 378.
LaTeX Info: Redefining \dots on input line 381.
LaTeX Info: Redefining \cdots on input line 466.
\Mathstrutbox@=\box45
\strutbox@=\box46
\big@size=\dimen180
LaTeX Font Info:    Redeclaring font encoding OML on input line 566.
LaTeX Font Info:    Redeclaring font encoding OMS on input line 567.
\macc@depth=\count158
\c@MaxMatrixCols=\count159
\dotsspace@=\muskip19
\c@parentequation=\count160
\dspbrk@lvl=\count161
\tag@help=\toks26
\row@=\count162
\column@=\count163
\maxfields@=\count164
\andhelp@=\toks27
\eqnshift@=\dimen181
\alignsep@=\dimen182
\tagshift@=\dimen183
\tagwidth@=\dimen184
\totwidth@=\dimen185
\lineht@=\dimen186
\@envbody=\toks28
\multlinegap=\skip60
\multlinetaggap=\skip61
\mathdisplay@stack=\toks29
LaTeX Info: Redefining \[ on input line 2665.
LaTeX Info: Redefining \] on input line 2666.
)
(/usr/share/texlive/texmf-dist/tex/latex/amsfonts/amssymb.sty
Package: amssymb 2013/01/14 v3.01 AMS font symbols

(/usr/share/texlive/texmf-dist/tex/latex/amsfonts/amsfonts.sty
Package: amsfonts 2013/01/14 v3.01 Basic AMSFonts support
\symAMSa=\mathgroup4
\symAMSb=\mathgroup5
LaTeX Font Info:    Overwriting math alphabet `\mathfrak' in version `bold'
(Font)                  U/euf/m/n --> U/euf/b/n on input line 106.
))
(/usr/share/texlive/texmf-dist/tex/latex/ntheorem/ntheorem.sty
Style `ntheorem', Version 1.33 <2011/08/15>
Package: ntheorem 2011/08/15 1.33
\theorem@style=\toks30
\theorem@@style=\toks31
\theorembodyfont=\toks32
\theoremnumbering=\toks33
\theorempreskipamount=\skip62
\theorempostskipamount=\skip63
\theoremframepreskipamount=\skip64
\theoremframepostskipamount=\skip65
\theoreminframepreskipamount=\skip66
\theoreminframepostskipamount=\skip67
\theorem@preskip=\toks34
\theorem@postskip=\toks35
\theorem@framepreskip=\toks36
\theorem@framepostskip=\toks37
\theorem@inframepreskip=\toks38
\theorem@inframepostskip=\toks39
\theoremindent=\dimen187
\theorem@indent=\dimen188
\theoremrightindent=\dimen189
\theorem@rightindent=\dimen190
\theoremheaderfont=\toks40
\theoremseparator=\toks41
\theoremprework=\toks42
\theorempostwork=\toks43
\theoremsymbol=\toks44
\qedsymbol=\toks45
\theoremkeyword=\toks46
\qedsymbol=\toks47
\thm@topsep=\skip68
\thm@topsepadd=\skip69
Package ntheorem Info: Option `thmmarks' loaded on input line 1175.
\c@endNonectr=\count165
\c@currNonectr=\count166
\mysavskip=\skip70
Package ntheorem Info: Option `thref' loaded on input line 1175.
\mysavskip=\skip71
Package ntheorem Info: option `amsmath' handling for `thref' loaded on input li
ne 1175.
Package ntheorem Info: option `amsmath' handling for `thmmarks' loaded on input
 line 1175.
\thm@amstmpdepth=\dimen191
\tagwidth=\dimen192
Package ntheorem Info: Option `amsthm' loaded on input line 1175.
\c@proof=\count167
\c@currproofctr=\count168
\c@endproofctr=\count169
) (/usr/share/texlive/texmf-dist/tex/latex/fancynum/fancynum.sty
Package: fancynum 2000/08/08 0.92 Fancynum package
\fn@strlen=\count170
)
(/usr/share/texlive/texmf-dist/tex/latex/algorithm2e/algorithm2e.sty
Invalid UTF-8 byte or sequence at line 164 replaced by U+FFFD.
Invalid UTF-8 byte or sequence at line 414 replaced by U+FFFD.
Package: algorithm2e 2013/01/06 v5.00 algorithms environments
\c@AlgoLine=\count171

(/usr/share/texlive/texmf-dist/tex/latex/tools/xspace.sty
Package: xspace 2014/10/28 v1.13 Space after command names (DPC,MH)
)
(/usr/share/texlive/texmf-dist/tex/latex/relsize/relsize.sty
Package: relsize 2013/03/29 ver 4.1
)
********************************************************
Package `algorithm2e' Release 5.0 -- january 06 2013 --
- algorithm2e-announce@lirmm.fr mailing list for announcement about releases
- algorithm2e-discussion@lirmm.fr mailing list for discussion about package
subscribe by emailing sympa@lirmm.fr with 'subscribe <list> <firstname name>'
- Author: Christophe Fiorio (cfiorio@um2.fr)
********************************************************
\skiptotal=\skip72
\skiplinenumber=\skip73
\skiprule=\skip74
\skiphlne=\skip75
\skiptext=\skip76
\skiplength=\skip77
\algomargin=\skip78
\skipalgocfslide=\skip79
\algowidth=\dimen193
\inoutsize=\dimen194
\inoutindent=\dimen195
\interspacetitleruled=\dimen196
\interspacealgoruled=\dimen197
\interspacetitleboxruled=\dimen198
\algocf@inoutbox=\box47
\algocf@inputbox=\box48
\AlCapSkip=\skip80
\AlCapHSkip=\skip81
\algoskipindent=\skip82
\algocf@nlbox=\box49
\algocf@hangingbox=\box50
\algocf@untilbox=\box51
\algocf@skipuntil=\skip83
\algocf@capbox=\box52
\algoheightruledefault=\skip84
\algoheightrule=\skip85
\algotitleheightruledefault=\skip86
\algotitleheightrule=\skip87
\c@algocfline=\count172
\c@algocfproc=\count173
\c@algocf=\count174
\algocf@algoframe=\box53
\algocf@algobox=\box54
) (/usr/share/texlive/texmf-dist/tex/generic/xypic/xy.sty
(/usr/share/texlive/texmf-dist/tex/generic/xypic/xy.tex Bootstrap'ing:
catcodes, docmode, (/usr/share/texlive/texmf-dist/tex/generic/xypic/xyrecat.tex
) (/usr/share/texlive/texmf-dist/tex/generic/xypic/xyidioms.tex)

 Xy-pic version 3.8.9 <2013/10/06>
 Copyright (c) 1991-2013 by Kristoffer H. Rose <krisrose@tug.org> and others
 Xy-pic is free software: see the User's Guide for details.

Loading kernel: messages; fonts; allocations: state,
\X@c=\dimen199
\Y@c=\dimen200
\U@c=\dimen201
Normal \dimen register pool exhausted, switching to extended pool.
\D@c=\dimen256
\L@c=\dimen257
\R@c=\dimen258
\Edge@c=\toks48
\X@p=\dimen259
\Y@p=\dimen260
\U@p=\dimen261
\D@p=\dimen262
\L@p=\dimen263
\R@p=\dimen264
\Edge@p=\toks49
\X@origin=\dimen265
\Y@origin=\dimen266
\X@xbase=\dimen267
\Y@xbase=\dimen268
\X@ybase=\dimen269
\Y@ybase=\dimen270
\X@min=\dimen271
\Y@min=\dimen272
\X@max=\dimen273
\Y@max=\dimen274
\lastobjectbox@=\box55
\zerodotbox@=\box56
\almostz@=\dimen275
 direction,
\d@X=\dimen276
\d@Y=\dimen277
\K@=\count175
\KK@=\count176
\Direction=\count177
\K@dXdY=\dimen278
\K@dYdX=\dimen279
\xyread@=\read2
\xywrite@=\write3
\csp@=\count178
\quotPTK@=\dimen280

utility macros; pictures: \xy, positions,
\swaptoks@@=\toks50
\connectobjectbox@@=\box57
 objects,
\styletoks@=\toks51
 decorations;
kernel objects: directionals, circles, text; options; algorithms: directions,
edges, connections;  Xy-pic loaded)
Package: xy 2013/10/06 Xy-pic version 3.8.9

(/usr/share/texlive/texmf-dist/tex/generic/xypic/xyall.tex
 Xy-pic option: All features v.3.8
(/usr/share/texlive/texmf-dist/tex/generic/xypic/xycurve.tex
 Xy-pic option: Curve and Spline extension v.3.12 curve,
\crv@cnt@=\count179
\crvpts@=\toks52
\splinebox@=\box58
\splineval@=\dimen281
\splinedepth@=\dimen282
\splinetol@=\dimen283
\splinelength@=\dimen284
 circles,
\L@=\dimen285
 loaded)
(/usr/share/texlive/texmf-dist/tex/generic/xypic/xyframe.tex
 Xy-pic option: Frame and Bracket extension v.3.14 loaded)
(/usr/share/texlive/texmf-dist/tex/generic/xypic/xycmtip.tex
 Xy-pic option: Computer Modern tip extension v.3.7
(/usr/share/texlive/texmf-dist/tex/generic/xypic/xytips.tex
 Xy-pic option: More Tips extension v.3.11 loaded) loaded)
(/usr/share/texlive/texmf-dist/tex/generic/xypic/xyline.tex
 Xy-pic option: Line styles extension v.3.10
\xylinethick@=\dimen286
 loaded)
(/usr/share/texlive/texmf-dist/tex/generic/xypic/xyrotate.tex
 Xy-pic option: Rotate and Scale extension v.3.8 loaded)
(/usr/share/texlive/texmf-dist/tex/generic/xypic/xycolor.tex
 Xy-pic option: Colour extension v.3.11 loaded)
(/usr/share/texlive/texmf-dist/tex/generic/xypic/xymatrix.tex
 Xy-pic option: Matrix feature v.3.14
\Row=\count180
\Col=\count181
\queue@=\toks53
\queue@@=\toks54
\qcount@=\count182
\qcount@@=\count183
\matrixsize@=\count184
 loaded)
(/usr/share/texlive/texmf-dist/tex/generic/xypic/xyarrow.tex
 Xy-pic option: Arrow and Path feature v.3.9 path, \ar, loaded)
(/usr/share/texlive/texmf-dist/tex/generic/xypic/xygraph.tex
 Xy-pic option: Graph feature v.3.11 loaded) loaded))
(/usr/share/texlive/texmf-dist/tex/latex/overpic/overpic.sty
Package: overpic 2010/09/13 v0.53  Overwriting graphics

Package: overpic v0.53 <2010/09/13> (RN)
(/usr/share/texlive/texmf-dist/tex/latex/eepic/epic.sty
Enhancements to Picture Environment. Version 1.2 - Released June 1, 1986
\@@multicnt=\count185
\d@lta=\count186
\@delta=\dimen287
\@@delta=\dimen288
\@gridcnt=\count187
\@joinkind=\count188
\@dotgap=\dimen289
\@ddotgap=\dimen290
\@x@diff=\count189
\@y@diff=\count190
\x@diff=\dimen291
\y@diff=\dimen292
\@dotbox=\box59
\num@segments=\count191
\num@segmentsi=\count192
\@datafile=\read3
)
overpic: relative positioning in percent
) (/usr/share/texlive/texmf-dist/tex/latex/caption/caption.sty
Package: caption 2013/05/02 v3.3-89 Customizing captions (AR)

(/usr/share/texlive/texmf-dist/tex/latex/caption/caption3.sty
Package: caption3 2013/05/02 v1.6-88 caption3 kernel (AR)
Package caption3 Info: TeX engine: e-TeX on input line 57.
\captionmargin=\dimen293
\captionmargin@=\dimen294
\captionwidth=\dimen295
\caption@tempdima=\dimen296
\caption@indent=\dimen297
\caption@parindent=\dimen298
\caption@hangindent=\dimen299
)
\c@ContinuedFloat=\count193
Package caption Info: hyperref package is loaded.
)
(/usr/share/texlive/texmf-dist/tex/latex/caption/subcaption.sty
Package: subcaption 2013/02/03 v1.1-62 Sub-captions (AR)
\c@subfigure=\count194
\c@subtable=\count195
)
(/usr/share/texlive/texmf-dist/tex/latex/multirow/multirow.sty
\bigstrutjot=\dimen300
)
(/usr/share/texlive/texmf-dist/tex/latex/tools/tabularx.sty
Package: tabularx 2014/10/28 v2.10 `tabularx' package (DPC)
\TX@col@width=\dimen301
\TX@old@table=\dimen302
\TX@old@col=\dimen303
\TX@target=\dimen304
\TX@delta=\dimen305
\TX@cols=\count196
\TX@ftn=\toks55
)
(/usr/share/texlive/texmf-dist/tex/latex/carlisle/ltxtable.sty
Package: ltxtable 1995/12/11 v0.2 longtable/tabularx merge (DPC)

(/usr/share/texlive/texmf-dist/tex/latex/tools/longtable.sty
Package: longtable 2014/10/28 v4.11 Multi-page Table package (DPC)
\LTleft=\skip88
\LTright=\skip89
\LTpre=\skip90
\LTpost=\skip91
\LTchunksize=\count197
\LTcapwidth=\dimen306
\LT@head=\box60
\LT@firsthead=\box61
\LT@foot=\box62
\LT@lastfoot=\box63
\LT@cols=\count198
\LT@rows=\count199
\c@LT@tables=\count200
\c@LT@chunks=\count201
\LT@p@ftn=\toks56
))
(/usr/share/texlive/texmf-dist/tex/latex/listings/listings.sty
Normal \count register pool exhausted, switching to extended pool.
\lst@mode=\count277
\lst@gtempboxa=\box64
\lst@token=\toks57
\lst@length=\count278
\lst@currlwidth=\dimen307
\lst@column=\count279
\lst@pos=\count280
\lst@lostspace=\dimen308
\lst@width=\dimen309
\lst@newlines=\count281
\lst@lineno=\count282
\lst@maxwidth=\dimen310

(/usr/share/texlive/texmf-dist/tex/latex/listings/lstmisc.sty
File: lstmisc.sty 2014/09/06 1.5e (Carsten Heinz)
\c@lstnumber=\count283
\lst@skipnumbers=\count284
\lst@framebox=\box65
)
(/usr/share/texlive/texmf-dist/tex/latex/listings/listings.cfg
File: listings.cfg 2014/09/06 1.5e listings configuration
))
Package: listings 2014/09/06 1.5e (Carsten Heinz)

(/usr/share/texlive/texmf-dist/tex/latex/natbib/natbib.sty
Package: natbib 2010/09/13 8.31b (PWD, AO)
\bibhang=\skip92
\bibsep=\skip93
LaTeX Info: Redefining \cite on input line 694.
\c@NAT@ctr=\count285
)
(/usr/share/texlive/texmf-dist/tex/latex/titlesec/titlesec.sty
Package: titlesec 2011/12/15 v2.10.0 Sectioning titles
\ttl@box=\box66
\beforetitleunit=\skip94
\aftertitleunit=\skip95
\ttl@plus=\dimen311
\ttl@minus=\dimen312
\ttl@toksa=\toks58
\titlewidth=\dimen313
\titlewidthlast=\dimen314
\titlewidthfirst=\dimen315
)
(/usr/share/texlive/texmf-dist/tex/latex/titlesec/titletoc.sty
Package: titletoc 2011/12/15 v1.6 TOC entries
\ttl@leftsep=\dimen316
)
(/usr/share/texlive/texmf-dist/tex/latex/tocvsec2/tocvsec2.sty
Package: tocvsec2 2014/03/10 v1.3a variable ToC section entries
\c@max@tocdepth=\count286
\c@max@secnumdepth=\count287
)
(/usr/share/texlive/texmf-dist/tex/latex/enumitem/enumitem.sty
Package: enumitem 2011/09/28 v3.5.2 Customized lists
\enitkv@toks@=\toks59
\labelindent=\skip96
\enit@outerparindent=\dimen317
\enit@toks=\toks60
\enit@inbox=\box67
\enitdp@description=\count288
)
(/usr/share/texlive/texmf-dist/tex/latex/fancyhdr/fancyhdr.sty
\fancy@headwidth=\skip97
\f@ncyO@elh=\skip98
\f@ncyO@erh=\skip99
\f@ncyO@olh=\skip100
\f@ncyO@orh=\skip101
\f@ncyO@elf=\skip102
\f@ncyO@erf=\skip103
\f@ncyO@olf=\skip104
\f@ncyO@orf=\skip105
)
(/usr/share/texlive/texmf-dist/tex/latex/tools/afterpage.sty
Package: afterpage 2014/10/28 v1.08 After-Page Package (DPC)
\AP@output=\toks61
\AP@partial=\box68
\AP@footins=\box69
)
(/usr/share/texlive/texmf-dist/tex/latex/datenumber/datenumber.sty
Package: datenumber 2001/08/06v0.02

(/usr/share/texlive/texmf-dist/tex/latex/datenumber/datenumberUSenglish.ldf
File: datenumberUSenglish.ldf 
)
\c@@dayscnt=\count289
\c@@startyear=\count290
\c@datenumber=\count291
\c@dateyear=\count292
\c@datemonth=\count293
\c@dateday=\count294
\c@datedayname=\count295
\@nom=\count296
\@den=\count297
)
(/usr/share/texlive/texmf-dist/tex/latex/appendix/appendix.sty
Package: appendix 2009/09/02 v1.2b extra appendix facilities
\c@@pps=\count298
\c@@ppsavesec=\count299
\c@@ppsaveapp=\count300
)
(/usr/share/texlive/texmf-dist/tex/latex/tocloft/tocloft.sty
Package: tocloft 2013/05/02 v2.3f parameterised ToC, etc., typesetting
Package tocloft Info: The document has chapter divisions on input line 44.
\cftparskip=\skip106
\cftbeforetoctitleskip=\skip107
\cftaftertoctitleskip=\skip108
\cftbeforepartskip=\skip109
\cftpartnumwidth=\skip110
\cftpartindent=\skip111
\cftbeforechapskip=\skip112
\cftchapindent=\skip113
\cftchapnumwidth=\skip114
\cftbeforesecskip=\skip115
\cftsecindent=\skip116
\cftsecnumwidth=\skip117
\cftbeforesubsecskip=\skip118
\cftsubsecindent=\skip119
\cftsubsecnumwidth=\skip120
\cftbeforesubsubsecskip=\skip121
\cftsubsubsecindent=\skip122
\cftsubsubsecnumwidth=\skip123
\cftbeforeparaskip=\skip124
\cftparaindent=\skip125
\cftparanumwidth=\skip126
\cftbeforesubparaskip=\skip127
\cftsubparaindent=\skip128
\cftsubparanumwidth=\skip129
\cftbeforeloftitleskip=\skip130
\cftafterloftitleskip=\skip131
\cftbeforefigskip=\skip132
\cftfigindent=\skip133
\cftfignumwidth=\skip134
\c@lofdepth=\count301
\c@lotdepth=\count302
\cftbeforelottitleskip=\skip135
\cftafterlottitleskip=\skip136
\cftbeforetabskip=\skip137
\cfttabindent=\skip138
\cfttabnumwidth=\skip139
)
(/usr/share/texlive/texmf-dist/tex/generic/xstring/xstring.sty
(/usr/share/texlive/texmf-dist/tex/generic/xstring/xstring.tex
\@xs@message=\write4
\integerpart=\count303
\decimalpart=\count304
)
Package: xstring 2013/10/13  v1.7c  String manipulations (C Tellechea)
)
(/usr/share/texlive/texmf-dist/tex/latex/bigfoot/perpage.sty
Package: perpage 2006/07/15 1.12 Reset/sort counters per page
\c@abspage=\count305
)
\c@currdefinitionctr=\count306
\c@enddefinitionctr=\count307
\c@definition=\count308
\c@currpropositionctr=\count309
\c@endpropositionctr=\count310
\c@proposition=\count311
\c@currlemmactr=\count312
\c@endlemmactr=\count313
\c@lemma=\count314
\c@currtheoremctr=\count315
\c@endtheoremctr=\count316
\c@theorem=\count317
\c@curraxiomctr=\count318
\c@endaxiomctr=\count319
\c@axiom=\count320
\c@currcorollaryctr=\count321
\c@endcorollaryctr=\count322
\c@corollary=\count323
\c@currexercisectr=\count324
\c@endexercisectr=\count325
\c@exercise=\count326
\c@currexamplectr=\count327
\c@endexamplectr=\count328
\c@example=\count329
\HUST@oldcftbeforechapskip=\skip140
\HUST@oldcftbeforesecskip=\skip141
\HUST@cftfignumwidth@tmp=\skip142
\HUST@cfttabnumwidth@tmp=\skip143
\c@pp@a@footnote=\count330
)
\symCJKmath=\mathgroup6
LaTeX Font Info:    Overwriting symbol font `CJKmath' in version `bold'
(Font)                  EU1/AdobeSongStd(0)/m/n --> EU1/AdobeSongStd(0)/bx/n on
 input line 17.

(/usr/share/texlive/texmf-dist/tex/xelatex/xecjk/xeCJK-listings.sty
Package: xeCJK-listings 2014/06/20 v3.2.13 xeCJK patch file for listings
\l__xeCJK_listings_flag_int=\count331
)
(./SDN2015.aux)
\openout1 = `SDN2015.aux'.

LaTeX Font Info:    Checking defaults for OML/cmm/m/it on input line 17.
LaTeX Font Info:    ... okay on input line 17.
LaTeX Font Info:    Checking defaults for T1/cmr/m/n on input line 17.
LaTeX Font Info:    ... okay on input line 17.
LaTeX Font Info:    Checking defaults for OT1/cmr/m/n on input line 17.
LaTeX Font Info:    ... okay on input line 17.
LaTeX Font Info:    Checking defaults for OMS/cmsy/m/n on input line 17.
LaTeX Font Info:    ... okay on input line 17.
LaTeX Font Info:    Checking defaults for OMX/cmex/m/n on input line 17.
LaTeX Font Info:    ... okay on input line 17.
LaTeX Font Info:    Checking defaults for U/cmr/m/n on input line 17.
LaTeX Font Info:    ... okay on input line 17.
LaTeX Font Info:    Checking defaults for EU1/lmr/m/n on input line 17.
LaTeX Font Info:    ... okay on input line 17.
LaTeX Font Info:    Checking defaults for T3/cmr/m/n on input line 17.
LaTeX Font Info:    Try loading font information for T3+cmr on input line 17.
 (/usr/share/texmf/tex/latex/tipa/t3cmr.fd
File: t3cmr.fd 2001/12/31 TIPA font definitions
)
LaTeX Font Info:    ... okay on input line 17.
LaTeX Font Info:    Checking defaults for PD1/pdf/m/n on input line 17.
LaTeX Font Info:    ... okay on input line 17.
LaTeX Font Info:    Checking defaults for PU/pdf/m/n on input line 17.
LaTeX Font Info:    ... okay on input line 17.
.................................................
. fontspec info: "setup-math"
. 
. Adjusting the maths setup (use [no-math] to avoid this).
.................................................
\symlegacymaths=\mathgroup7
LaTeX Font Info:    Overwriting symbol font `legacymaths' in version `bold'
(Font)                  OT1/cmr/m/n --> OT1/cmr/bx/n on input line 17.
LaTeX Font Info:    Redeclaring math accent \acute on input line 17.
LaTeX Font Info:    Redeclaring math accent \grave on input line 17.
LaTeX Font Info:    Redeclaring math accent \ddot on input line 17.
LaTeX Font Info:    Redeclaring math accent \tilde on input line 17.
LaTeX Font Info:    Redeclaring math accent \bar on input line 17.
LaTeX Font Info:    Redeclaring math accent \breve on input line 17.
LaTeX Font Info:    Redeclaring math accent \check on input line 17.
LaTeX Font Info:    Redeclaring math accent \hat on input line 17.
LaTeX Font Info:    Redeclaring math accent \dot on input line 17.
LaTeX Font Info:    Redeclaring math accent \mathring on input line 17.
LaTeX Font Info:    Redeclaring math symbol \Gamma on input line 17.
LaTeX Font Info:    Redeclaring math symbol \Delta on input line 17.
LaTeX Font Info:    Redeclaring math symbol \Theta on input line 17.
LaTeX Font Info:    Redeclaring math symbol \Lambda on input line 17.
LaTeX Font Info:    Redeclaring math symbol \Xi on input line 17.
LaTeX Font Info:    Redeclaring math symbol \Pi on input line 17.
LaTeX Font Info:    Redeclaring math symbol \Sigma on input line 17.
LaTeX Font Info:    Redeclaring math symbol \Upsilon on input line 17.
LaTeX Font Info:    Redeclaring math symbol \Phi on input line 17.
LaTeX Font Info:    Redeclaring math symbol \Psi on input line 17.
LaTeX Font Info:    Redeclaring math symbol \Omega on input line 17.
LaTeX Font Info:    Redeclaring math symbol \mathdollar on input line 17.
LaTeX Font Info:    Redeclaring symbol font `operators' on input line 17.
LaTeX Font Info:    Encoding `OT1' has changed to `EU1' for symbol font
(Font)              `operators' in the math version `normal' on input line 17.
LaTeX Font Info:    Overwriting symbol font `operators' in version `normal'
(Font)                  OT1/cmr/m/n --> EU1/texgyretermes(0)/m/n on input line 
17.
LaTeX Font Info:    Encoding `OT1' has changed to `EU1' for symbol font
(Font)              `operators' in the math version `bold' on input line 17.
LaTeX Font Info:    Overwriting symbol font `operators' in version `bold'
(Font)                  OT1/cmr/bx/n --> EU1/texgyretermes(0)/m/n on input line
 17.
LaTeX Font Info:    Overwriting symbol font `operators' in version `normal'
(Font)                  EU1/texgyretermes(0)/m/n --> EU1/texgyretermes(0)/m/n o
n input line 17.
LaTeX Font Info:    Overwriting math alphabet `\mathit' in version `normal'
(Font)                  OT1/cmr/m/it --> EU1/texgyretermes(0)/m/it on input lin
e 17.
LaTeX Font Info:    Overwriting math alphabet `\mathbf' in version `normal'
(Font)                  OT1/cmr/bx/n --> EU1/texgyretermes(0)/bx/n on input lin
e 17.
LaTeX Font Info:    Overwriting math alphabet `\mathsf' in version `normal'
(Font)                  OT1/cmss/m/n --> EU1/DroidSans(0)/m/n on input line 17.

LaTeX Font Info:    Overwriting math alphabet `\mathtt' in version `normal'
(Font)                  OT1/cmtt/m/n --> EU1/CMUTypewriterText(0)/m/n on input 
line 17.
LaTeX Font Info:    Overwriting symbol font `operators' in version `bold'
(Font)                  EU1/texgyretermes(0)/m/n --> EU1/texgyretermes(0)/bx/n 
on input line 17.
LaTeX Font Info:    Overwriting math alphabet `\mathit' in version `bold'
(Font)                  OT1/cmr/bx/it --> EU1/texgyretermes(0)/bx/it on input l
ine 17.
LaTeX Font Info:    Overwriting math alphabet `\mathsf' in version `bold'
(Font)                  OT1/cmss/bx/n --> EU1/DroidSans(0)/bx/n on input line 1
7.
LaTeX Font Info:    Overwriting math alphabet `\mathtt' in version `bold'
(Font)                  OT1/cmtt/m/n --> EU1/CMUTypewriterText(0)/bx/n on input
 line 17.

*geometry* driver: auto-detecting
*geometry* detected driver: xetex
*geometry* verbose mode - [ preamble ] result:
* driver: xetex
* paper: a4paper
* layout: <same size as paper>
* layoutoffset:(h,v)=(0.0pt,0.0pt)
* modes: includefoot twoside 
* h-part:(L,W,R)=(72.26999pt, 452.9679pt, 72.26999pt)
* v-part:(T,H,B)=(86.72377pt, 671.5993pt, 86.72377pt)
* \paperwidth=597.50787pt
* \paperheight=845.04684pt
* \textwidth=452.9679pt
* \textheight=641.5993pt
* \oddsidemargin=0.0pt
* \evensidemargin=0.0pt
* \topmargin=-17.42001pt
* \headheight=12.0pt
* \headsep=19.8738pt
* \topskip=12.0pt
* \footskip=30.0pt
* \marginparwidth=88.0pt
* \marginparsep=7.0pt
* \columnsep=10.0pt
* \skip\footins=10.8pt plus 4.0pt minus 2.0pt
* \hoffset=0.0pt
* \voffset=0.0pt
* \mag=1000
* \@twocolumnfalse
* \@twosidetrue
* \@mparswitchtrue
* \@reversemarginfalse
* (1in=72.27pt=25.4mm, 1cm=28.453pt)

\AtBeginShipoutBox=\box70
Package hyperref Info: Link coloring ON on input line 17.
(/usr/share/texlive/texmf-dist/tex/latex/hyperref/nameref.sty
Package: nameref 2012/10/27 v2.43 Cross-referencing by name of section

(/usr/share/texlive/texmf-dist/tex/generic/oberdiek/gettitlestring.sty
Package: gettitlestring 2010/12/03 v1.4 Cleanup title references (HO)
)
\c@section@level=\count332
)
LaTeX Info: Redefining \ref on input line 17.
LaTeX Info: Redefining \pageref on input line 17.
LaTeX Info: Redefining \nameref on input line 17.

(./SDN2015.out) (./SDN2015.out)
\@outlinefile=\write5
\openout5 = `SDN2015.out'.

Package caption Info: Begin \AtBeginDocument code.
Package caption Info: listings package is loaded.
Package caption Info: longtable package is loaded.

(/usr/share/texlive/texmf-dist/tex/latex/caption/ltcaption.sty
Package: ltcaption 2013/02/03 v1.3-62 longtable captions (AR)
)
Package caption Info: End \AtBeginDocument code.
\c@lstlisting=\count333
File: hust-title.pdf Graphic file (type QTm)

<use  "hust-title.pdf" >
\g__fontspec_family_AdobeHeitiStd_int=\count334
.................................................
. fontspec info: "no-font-shape"
. 
. Could not resolve font Adobe Heiti Std/BI (it probably doesn't exist).
.................................................
.................................................
. fontspec info: "no-font-shape"
. 
. Could not resolve font Adobe Heiti Std/B (it probably doesn't exist).
.................................................
.................................................
. fontspec info: "no-font-shape"
. 
. Could not resolve font Adobe Heiti Std/I (it probably doesn't exist).
.................................................
.................................................
. fontspec info: "defining-font"
. 
. Font family 'AdobeHeitiStd(0)' created for font 'Adobe Heiti Std' with
. options [Mapping=tex-text,Script={CJK}].
. 
. This font family consists of the following shapes:
. 
. * 'normal' with NFSS spec.:
. <->"Adobe Heiti Std/OT:script=hani;language=DFLT;mapping=tex-text;"
. 
. * 'small caps' with NFSS spec.:
. 
. and font adjustment code:
. 
.................................................
LaTeX Font Info:    Calculating math sizes for size <16> on input line 20.


LaTeX Font Warning: Font shape `OML/cmm/m/it' in size <16> not available
(Font)              size <17.28> substituted on input line 20.


LaTeX Font Warning: Font shape `OMS/cmsy/m/n' in size <16> not available
(Font)              size <17.28> substituted on input line 20.

LaTeX Font Info:    Try loading font information for U+msa on input line 20.
(/usr/share/texlive/texmf-dist/tex/latex/amsfonts/umsa.fd
File: umsa.fd 2013/01/14 v3.01 AMS symbols A
)
LaTeX Font Info:    Try loading font information for U+msb on input line 20.

(/usr/share/texlive/texmf-dist/tex/latex/amsfonts/umsb.fd
File: umsb.fd 2013/01/14 v3.01 AMS symbols B
)

LaTeX Font Warning: Font shape `OT1/cmr/m/n' in size <16> not available
(Font)              size <17.28> substituted on input line 20.

[1




]

LaTeX Font Warning: Font shape `EU1/AdobeHeitiStd(0)/bx/n' undefined
(Font)              using `EU1/AdobeHeitiStd(0)/m/n' instead on input line 21.

LaTeX Font Info:    Calculating math sizes for size <10.5> on input line 21.

LaTeX Font Warning: Font shape `OML/cmm/m/it' in size <10.5> not available
(Font)              size <10.95> substituted on input line 21.


LaTeX Font Warning: Font shape `OMS/cmsy/m/n' in size <10.5> not available
(Font)              size <10.95> substituted on input line 21.


LaTeX Font Warning: Font shape `OT1/cmr/m/n' in size <10.5> not available
(Font)              size <10.95> substituted on input line 21.


Package Fancyhdr Warning: \headheight is too small (12.0pt): 
 Make it at least 32.2pt.
 We now make it that large for the rest of the document.
 This may cause the page layout to be inconsistent, however.

[2

] (./SDN2015.toc)
\tf@toc=\write6
\openout6 = `SDN2015.toc'.

 [3


] (./SDN2015.lof)
\tf@lof=\write7
\openout7 = `SDN2015.lof'.

 [4



] (./SDN2015.lot)
\tf@lot=\write8
\openout8 = `SDN2015.lot'.

 [5


]
Chapter 1.
\g__fontspec_family_AdobeKaitiStd_int=\count335
.................................................
. fontspec info: "no-font-shape"
. 
. Could not resolve font Adobe Kaiti Std/BI (it probably doesn't exist).
.................................................
.................................................
. fontspec info: "no-font-shape"
. 
. Could not resolve font Adobe Kaiti Std/B (it probably doesn't exist).
.................................................
.................................................
. fontspec info: "no-font-shape"
. 
. Could not resolve font Adobe Kaiti Std/I (it probably doesn't exist).
.................................................
.................................................
. fontspec info: "defining-font"
. 
. Font family 'AdobeKaitiStd(0)' created for font 'Adobe Kaiti Std' with
. options [Mapping=tex-text,Script={CJK}].
. 
. This font family consists of the following shapes:
. 
. * 'normal' with NFSS spec.:
. <->"Adobe Kaiti Std/OT:script=hani;language=DFLT;mapping=tex-text;"
. 
. * 'small caps' with NFSS spec.:
. 
. and font adjustment code:
. 
.................................................
\g__fontspec_family_AdobeFangsongStd_int=\count336
.................................................
. fontspec info: "no-font-shape"
. 
. Could not resolve font Adobe Fangsong Std/BI (it probably doesn't exist).
.................................................
.................................................
. fontspec info: "no-font-shape"
. 
. Could not resolve font Adobe Fangsong Std/B (it probably doesn't exist).
.................................................
.................................................
. fontspec info: "no-font-shape"
. 
. Could not resolve font Adobe Fangsong Std/I (it probably doesn't exist).
.................................................
.................................................
. fontspec info: "defining-font"
. 
. Font family 'AdobeFangsongStd(0)' created for font 'Adobe Fangsong Std' with
. options [Mapping=tex-text,Script={CJK}].
. 
. This font family consists of the following shapes:
. 
. * 'normal' with NFSS spec.:
. <->"Adobe Fangsong Std/OT:script=hani;language=DFLT;mapping=tex-text;"
. 
. * 'small caps' with NFSS spec.:
. 
. and font adjustment code:
. 
.................................................
[1


]
Chapter 2.
(/usr/share/texlive/texmf-dist/tex/latex/listings/lstlang1.sty
File: lstlang1.sty 2014/09/06 1.5e listings language file
)

LaTeX Font Warning: Font shape `EU1/CMUTypewriterText(0)/bx/n' undefined
(Font)              using `EU1/CMUTypewriterText(0)/m/n' instead on input line 
83.


LaTeX Font Warning: Font shape `EU1/AdobeKaitiStd(0)/m/it' undefined
(Font)              using `EU1/AdobeKaitiStd(0)/m/n' instead on input line 90.

Package hyperref Info: bookmark level for unknown definition defaults to 0 on i
nput line 95.
Package hyperref Info: bookmark level for unknown proposition defaults to 0 on 
input line 98.
Package hyperref Info: bookmark level for unknown axiom defaults to 0 on input 
line 101.
Package hyperref Info: bookmark level for unknown lemma defaults to 0 on input 
line 104.
Package hyperref Info: bookmark level for unknown theorem defaults to 0 on inpu
t line 107.

LaTeX Font Warning: Font shape `EU1/AdobeHeitiStd(0)/m/it' undefined
(Font)              using `EU1/AdobeHeitiStd(0)/m/n' instead on input line 110.


Package hyperref Info: bookmark level for unknown proof defaults to 0 on input 
line 110.
LaTeX Font Info:    Calculating math sizes for size <11> on input line 139.

LaTeX Font Warning: Font shape `OML/cmm/m/it' in size <5.5> not available
(Font)              size <5> substituted on input line 139.


LaTeX Font Warning: Font shape `OMS/cmsy/m/n' in size <5.5> not available
(Font)              size <5> substituted on input line 139.


LaTeX Font Warning: Font shape `OT1/cmr/m/n' in size <5.5> not available
(Font)              size <5> substituted on input line 139.

[2

]
File: fig-example.pdf Graphic file (type QTm)
 <use  "fig-example.pdf" >
File: fig-example.pdf Graphic file (type QTm)
 <use  "fig-example.pdf" >
File: fig-example.pdf Graphic file (type QTm)

<use  "fig-example.pdf" > [3] [4] [5



] (./SDN2015.bbl) [6


]
 A.
[7


]
 B.
\tf@thm=\write9
\openout9 = `SDN2015.thm'.

[8

]
Package atveryend Info: Empty hook `BeforeClearDocument' on input line 207.
 [9

]
Package atveryend Info: Empty hook `AfterLastShipout' on input line 207.
 (./SDN2015.aux)
Package atveryend Info: Empty hook `AtVeryEndDocument' on input line 207.
Package atveryend Info: Empty hook `AtEndAfterFileList' on input line 207.


LaTeX Font Warning: Size substitutions with differences
(Font)              up to 1.28pt have occurred.


LaTeX Font Warning: Some font shapes were not available, defaults substituted.

 ) 
Here is how much of TeX's memory you used:
 36359 strings out of 493727
 657985 string characters out of 6147890
 804739 words of memory out of 5000000
 39148 multiletter control sequences out of 15000+600000
 19353 words of font info for 158 fonts, out of 8000000 for 9000
 1328 hyphenation exceptions out of 8191
 68i,15n,102p,10362b,1344s stack positions out of 5000i,500n,10000p,200000b,80000s

Output written on SDN2015.pdf (14 pages).
